1568978609261	mozrunner::runner	INFO	Running command: "D:\\360Downloads\\Mozilla Firefox\\firefox.exe" "-marionette" "--headless" "-foreground" "-no-remote" "-profile" "C:\\Users\\asus\\AppData\\Local\\Temp\\rust_mozprofilemb85Bp"
*** You are running in headless mode.
1568978614121	addons.webextension.screenshots@mozilla.org	WARN	Loading extension 'screenshots@mozilla.org': Reading manifest: Invalid extension permission: mozillaAddons
1568978614121	addons.webextension.screenshots@mozilla.org	WARN	Loading extension 'screenshots@mozilla.org': Reading manifest: Invalid extension permission: telemetry
1568978614122	addons.webextension.screenshots@mozilla.org	WARN	Loading extension 'screenshots@mozilla.org': Reading manifest: Invalid extension permission: resource://pdf.js/
1568978614122	addons.webextension.screenshots@mozilla.org	WARN	Loading extension 'screenshots@mozilla.org': Reading manifest: Invalid extension permission: about:reader*
1568978618404	Marionette	INFO	Listening on port 21918
1568978620358	Marionette	WARN	TLS certificate errors will be ignored for this session
console.error: BroadcastService: 
  receivedBroadcastMessage: handler for
  remote-settings/monitor_changes
  threw error:
  Message: Error: Polling for changes failed: http://%(server)s/dummy/blocklist//buckets/monitor/collections/changes/records?_expected=%221568922885219%22 is not a valid URL..
  Stack:
    remoteSettingsFunction/remoteSettings.pollChanges@resource://services-settings/remote-settings.js:201:13

mozillaAddons
1568978725087	addons.webextension.screenshots@mozilla.org	WARN	Loading extension 'screenshots@mozilla.org': Reading manifest: Invalid extension permission: telemetry
1568978725087	addons.webextension.screenshots@mozilla.org	WARN	Loading extension 'screenshots@mozilla.org': Reading manifest: Invalid extension permission: resource://pdf.js/
1568978725088	addons.webextension.screenshots@mozilla.org	WARN	Loading extension 'screenshots@mozilla.org': Reading manifest: Invalid extension permission: about:reader*
1568978729151	Marionette	INFO	Listening on port 22006
1568978729478	Marionette	WARN	TLS certificate errors will be ignored for this session
1568978750179	Marionette	INFO	Stopped listening on port 22006
[Parent 3756, Gecko_IOThread] WARNING: pipe error: 109: file z:/task_1562361253/build/src/ipc/chromium/src/chrome/common/ipc_channel_win.cc, line 341
[Parent 3756, Gecko_IOThread] WARNING: pipe error: 109: file z:/task_1562361253/build/src/ipc/chromium/src/chrome/common/ipc_channel_win.cc, line 341
1568979008218	mozrunner::runner	INFO	Running command: "D:\\360Downloads\\Mozilla Firefox\\firefox.exe" "-marionette" "--headless" "-foreground" "-no-remote" "-profile" "C:\\Users\\asus\\AppData\\Local\\Temp\\rust_mozprofileKy81RW"
*** You are running in headless mode.
1568979011068	addons.webextension.screenshots@mozilla.org	WARN	Loading extension 'screenshots@mozilla.org': Reading manifest: Invalid extension permission: mozillaAddons
1568979011068	addons.webextension.screenshots@mozilla.org	WARN	Loading extension 'screenshots@mozilla.org': Reading manifest: Invalid extension permission: telemetry
1568979011068	addons.webextension.screenshots@mozilla.org	WARN	Loading extension 'screenshots@mozilla.org': Reading manifest: Invalid extension permission: resource://pdf.js/
1568979011068	addons.webextension.screenshots@mozilla.org	WARN	Loading extension 'screenshots@mozilla.org': Reading manifest: Invalid extension permission: about:reader*
1568979015516	Marionette	INFO	Listening on port 22275
1568979015786	Marionette	WARN	TLS certificate errors will be ignored for this session
1568979032048	Marionette	INFO	Stopped listening on port 22275
[Parent 4664, Gecko_IOThread] WARNING: pipe error: 109: file z:/task_1562361253/build/src/ipc/chromium/src/chrome/common/ipc_channel_win.cc, line 341
[Parent 4664, Gecko_IOThread] WARNING: pipe error: 109: file z:/task_1562361253/build/src/ipc/chromium/src/chrome/common/ipc_channel_win.cc, line 341
[Child 1900, Chrome_ChildThread] WARNING: pipe error: 109: file z:/task_1562361253/build/src/ipc/chromium/src/chrome/common/ipc_channel_win.cc, line 341
[Child 11568979269897	mozrunner::runner	INFO	Running command: "D:\\360Downloads\\Mozilla Firefox\\firefox.exe" "-marionette" "--headless" "-foreground" "-no-remote" "-profile" "C:\\Users\\asus\\AppData\\Local\\Temp\\rust_mozprofilertGtbt"
*** You are running in headless mode.
1568979272800	addons.webextension.screenshots@mozilla.org	WARN	Loading extension 'screenshots@mozilla.org': Reading manifest: Invalid extension permission: mozillaAddons
1568979272800	addons.webextension.screenshots@mozilla.org	WARN	Loading extension 'screenshots@mozilla.org': Reading manifest: Invalid extension permission: telemetry
1568979272800	addons.webextension.screenshots@mozilla.org	WARN	Loading extension 'screenshots@mozilla.org': Reading manifest: Invalid extension permission: resource://pdf.js/
1568979272800	addons.webextension.screenshots@mozilla.org	WARN	Loading extension 'screenshots@mozilla.org': Reading manifest: Invalid extension permission: about:reader*
1568979276815	Marionette	INFO	Listening on port 22372
1568979276837	Marionette	WARN	TLS certificate errors will be ignored for this session

###!!! [Parent][MessageChannel] Error: (msgtype=0x1E0074,name=PBrowser::Msg_StopIMEStateManagement) Channel error: cannot send/recv


###!!! [Parent][MessageChannel] Error: (msgtype=0x1E00A0,name=PBrowser::Msg_UpdateNativeWindowHandle) Channel error: cannot send/recv


###!!! [Parent][MessageChannel] Error: (msgtype=0x1E008F,name=PBrowser::Msg_Destroy) Channel error: cannot send/recv

1568979319896	mozrunner::runner	INFO	Running command: "D:\\360Downloads\\Mozilla Firefox\\firefox.exe" "-marionette" "--headless" "-foreground" "-no-remote" "-profile" "C:\\Users\\asus\\AppData\\Local\\Temp\\rust_mozprofilexIfCDU"
*** You are running in headless mode.
1568979322664	addons.webextension.screenshots@mozilla.org	WARN	Loading extension 'screenshots@mozilla.org': Reading manifest: Invalid extension permission: mozillaAddons
1568979322664	addons.webextension.screenshots@mozilla.org	WARN	Loading extension 'screenshots@mozilla.org': Reading manifest: Invalid extension permission: telemetry
1568979322665	addons.webextension.screenshots@mozilla.org	WARN	Loading extension 'screenshots@mozilla.org': Reading manifest: Invalid extension permission: resource://pdf.js/
1568979322665	addons.webextension.screenshots@mozilla.org	WARN	Loading extension 'screenshots@mozilla.org': Reading manifest: Invalid extension permission: about:reader*
[GFX1-]: ClientLayerManager::BeginTransaction with IPC channel down. GPU process may have died.
1568979326576	Marionette	INFO	Listening on port 22457
1568979326707	Marionette	WARN	TLS certificate errors will be ignored for this session
1568979347165	Marionette	INFO	Stopped listening on port 22457
[Child 7008, Chrome_ChildThread] WARNING: pipe error: 109: file z:/task_1562361253/build/src/ipc/chromium/src/chrome/common/ipc_channel_win.cc, line 341
[Parent 12544, Gecko_IOThread] WARNING: pipe error: 109: file z:/task_1562361253/build/src/ipc/chromium/src/chrome/common/ipc_channel_win.cc, line 341
[Parent 12544, Gecko_IOThread] WARNING: pipe error: 109: file z:/task_1562361253/build/src/ipc/chromium/src/chrome/common/ipc_channel_win.cc, line 341
[Child 14324, Chrome_ChildThread] WARNING: pipe error: 109: file z:/task_1562361253/build/src/ipc/chromium/src/chrome/common/ipc_channel_win.cc, line 341
[Child 1568979409848	mozrunner::runner	INFO	Running command: "D:\\360Downloads\\Mozilla Firefox\\firefox.exe" "-marionette" "--headless" "-foreground" "-no-remote" "-profile" "C:\\Users\\asus\\AppData\\Local\\Temp\\rust_mozprofileFbda6U"
*** You are running in headless mode.
1568979412562	addons.webextension.screenshots@mozilla.org	WARN	Loading extension 'screenshots@mozilla.org': Reading manifest: Invalid extension permission: mozillaAddons
1568979412562	addons.webextension.screenshots@mozilla.org	WARN	Loading extension 'screenshots@mozilla.org': Reading manifest: Invalid extension permission: telemetry
1568979412563	addons.webextension.screenshots@mozilla.org	WARN	Loading extension 'screenshots@mozilla.org': Reading manifest: Invalid extension permission: resource://pdf.js/
1568979412563	addons.webextension.screenshots@mozilla.org	WARN	Loading extension 'screenshots@mozilla.org': Reading manifest: Invalid extension permission: about:reader*
1568979417012	Marionette	INFO	Listening on port 22517
1568979417342	Marionette	WARN	TLS certificate errors will be ignored for this session
1568979440205	Marionette	INFO	Stopped listening on port 22517
[Parent 7420, Gecko_IOThread] WARNING: pipe error: 109: file z:/task_1562361253/build/src/ipc/chromium/src/chrome/common/ipc_channel_win.cc, line 341
[Parent 7420, Gecko_IOThread] WARNING: pipe error: 109: file z:/task_1562361253/build/src/ipc/chromium/src/chrome/common/ipc_channel_win.cc, line 341
1568979774521	mozrunner::runner	INFO	Running command: "D:\\360Downloads\\Mozilla Firefox\\firefox.exe" "-marionette" "--headless" "-foreground" "-no-remote" "-profile" "C:\\Users\\asus\\AppData\\Local\\Temp\\rust_mozprofilesoIysn"
*** You are running in headless mode.
1568979777019	addons.webextension.screenshots@mozilla.org	WARN	Loading extension 'screenshots@mozilla.org': Reading manifest: Invalid extension permission: mozillaAddons
1568979777019	addons.webextension.screenshots@mozilla.org	WARN	Loading extension 'screenshots@mozilla.org': Reading manifest: Invalid extension permission: telemetry
1568979777019	addons.webextension.screenshots@mozilla.org	WARN	Loading extension 'screenshots@mozilla.org': Reading manifest: Invalid extension permission: resource://pdf.js/
1568979777019	addons.webextension.screenshots@mozilla.org	WARN	Loading extension 'screenshots@mozilla.org': Reading manifest: Invalid extension permission: about:reader*
1568979780417	Marionette	INFO	Listening on port 22648
1568979781148	Marionette	WARN	TLS certificate errors will be ignored for this session
1568979789242	Marionette	INFO	Stopped listening on port 22648
[Parent 10148, Gecko_IOThread] WARNING: pipe error: 109: file z:/task_1562361253/build/src/ipc/chromium/src/chrome/common/ipc_channel_win.cc, line 341
[Child 1244, Chrome_ChildThread] WARNING: pipe error: 109: file z:/task_1562361253/build/src/ipc/chromium/src/chrome/common/ipc_channel_win.cc, line 341
[Child 1244,[Parent 10148, Gecko_IOThread] WARNING: pipe error: 109: file z:/task_1562361253/build/src/ipc/chromium/src/chrome/common/ipc_channel_win.cc, line 341
[Child 7068, Chrome_ChildThread] WARNING: pipe error: 109: file z:/task_1562361253/build/src/ipc/chromium/src/chrome/common/ipc_channel_win.cc, line 341
[Child 701568979883314	mozrunner::runner	INFO	Running command: "D:\\360Downloads\\Mozilla Firefox\\firefox.exe" "-marionette" "--headless" "-foreground" "-no-remote" "-profile" "C:\\Users\\asus\\AppData\\Local\\Temp\\rust_mozprofile2tba6n"
*** You are running in headless mode.
1568979886299	addons.webextension.screenshots@mozilla.org	WARN	Loading extension 'screenshots@mozilla.org': Reading manifest: Invalid extension permission: mozillaAddons
1568979886299	addons.webextension.screenshots@mozilla.org	WARN	Loading extension 'screenshots@mozilla.org': Reading manifest: Invalid extension permission: telemetry
1568979886300	addons.webextension.screenshots@mozilla.org	WARN	Loading extension 'screenshots@mozilla.org': Reading manifest: Invalid extension permission: resource://pdf.js/
1568979886300	addons.webextension.screenshots@mozilla.org	WARN	Loading extension 'screenshots@mozilla.org': Reading manifest: Invalid extension permission: about:reader*
1568979890709	Marionette	INFO	Listening on port 22718
1568979891119	Marionette	WARN	TLS certificate errors will be ignored for this session
1568979902054	Marionette	INFO	Stopped listening on port 22718
[Parent 9088, Gecko_IOThread] WARNING: pipe error: 109: file z:/task_1562361253/build/src/ipc/chromium/src/chrome/common/ipc_channel_win.cc, line 341
[Parent 9088, Gecko_IOThread] WARNING: pipe error: 109: file z:/task_1562361253/build/src/ipc/chromium/src/chrome/common/ipc_channel_win.cc, line 341
1568979976658	mozrunner::runner	INFO	Running command: "D:\\360Downloads\\Mozilla Firefox\\firefox.exe" "-marionette" "--headless" "-foreground" "-no-remote" "-profile" "C:\\Users\\asus\\AppData\\Local\\Temp\\rust_mozprofilekenAHz"
*** You are running in headless mode.
1568979979183	addons.webextension.screenshots@mozilla.org	WARN	Loading extension 'screenshots@mozilla.org': Reading manifest: Invalid extension permission: mozillaAddons
1568979979183	addons.webextension.screenshots@mozilla.org	WARN	Loading extension 'screenshots@mozilla.org': Reading manifest: Invalid extension permission: telemetry
1568979979184	addons.webextension.screenshots@mozilla.org	WARN	Loading extension 'screenshots@mozilla.org': Reading manifest: Invalid extension permission: resource://pdf.js/
1568979979184	addons.webextension.screenshots@mozilla.org	WARN	Loading extension 'screenshots@mozilla.org': Reading manifest: Invalid extension permission: about:reader*
1568979982951	Marionette	INFO	Listening on port 22778
1568979983266	Marionette	WARN	TLS certificate errors will be ignored for this session
1568980000833	Marionette	INFO	Stopped listening on port 22778
[Parent 6104, Gecko_IOThread] WARNING: pipe error: 109: file z:/task_1562361253/build/src/ipc/chromium/src/chrome/common/ipc_channel_win.cc, line 341
1568980179683	mozrunner::runner	INFO	Running command: "D:\\360Downloads\\Mozilla Firefox\\firefox.exe" "-marionette" "--headless" "-foreground" "-no-remote" "-profile" "C:\\Users\\asus\\AppData\\Local\\Temp\\rust_mozprofileea4xOt"
*** You are running in headless mode.
1568980181983	addons.webextension.screenshots@mozilla.org	WARN	Loading extension 'screenshots@mozilla.org': Reading manifest: Invalid extension permission: mozillaAddons
1568980181983	addons.webextension.screenshots@mozilla.org	WARN	Loading extension 'screenshots@mozilla.org': Reading manifest: Invalid extension permission: telemetry
1568980181983	addons.webextension.screenshots@mozilla.org	WARN	Loading extension 'screenshots@mozilla.org': Reading manifest: Invalid extension permission: resource://pdf.js/
1568980181984	addons.webextension.screenshots@mozilla.org	WARN	Loading extension 'screenshots@mozilla.org': Reading manifest: Invalid extension permission: about:reader*
1568980185805	Marionette	INFO	Listening on port 22849
1568980186004	Marionette	WARN	TLS certificate errors will be ignored for this session
console.error: BroadcastService: 
  receivedBroadcastMessage: handler for
  remote-settings/monitor_changes
  threw error:
  Message: Error: Polling for changes failed: http://%(server)s/dummy/blocklist//buckets/monitor/collections/changes/records?_expected=%221568922885219%22 is not a valid URL..
  Stack:
    remoteSettingsFunction/remoteSettings.pollChanges@resource://services-settings/remote-settings.js:201:13

1568980218986	Marionette	INFO	Stopped listening on port 22849
[Child 2696, Chrome_ChildThread] WARNING: pipe error: 109: file z:/task_1562361253/build/src/ipc/chromium/src/chrome/common/ipc_channel_win.cc, line 341
[Child [Parent 4228, Gecko_IOThread] WARNING: pipe error: 109: file z:/task_1562361253/build/src/ipc/chromium/src/chrome/common/ipc_channel_win.cc, line 341
1568980273118	mozrunner::runner	INFO	Running command: "D:\\360Downloads\\Mozilla Firefox\\firefox.exe" "-marionette" "--headless" "-foreground" "-no-remote" "-profile" "C:\\Users\\asus\\AppData\\Local\\Temp\\rust_mozprofilepGw01v"
*** You are running in headless mode.
1568980275738	addons.webextension.screenshots@mozilla.org	WARN	Loading extension 'screenshots@mozilla.org': Reading manifest: Invalid extension permission: mozillaAddons
1568980275738	addons.webextension.screenshots@mozilla.org	WARN	Loading extension 'screenshots@mozilla.org': Reading manifest: Invalid extension permission: telemetry
1568980275739	addons.webextension.screenshots@mozilla.org	WARN	Loading extension 'screenshots@mozilla.org': Reading manifest: Invalid extension permission: resource://pdf.js/
1568980275739	addons.webextension.screenshots@mozilla.org	WARN	Loading extension 'screenshots@mozilla.org': Reading manifest: Invalid extension permission: about:reader*
[GFX1-]: ClientLayerManager::BeginTransaction with IPC channel down. GPU process may have died.
1568980279337	Marionette	INFO	Listening on port 22916
1568980279825	Marionette	WARN	TLS certificate errors will be ignored for this session
console.error: BroadcastService: 
  receivedBroadcastMessage: handler for
  remote-settings/monitor_changes
  threw error:
  Message: Error: Polling for changes failed: http://%(server)s/dummy/blocklist//buckets/monitor/collections/changes/records?_expected=%221568922885219%22 is not a valid URL..
  Stack:
    remoteSettingsFunction/remoteSettings.pollChanges@resource://services-settings/remote-settings.js:201:13

1568980319077	Marionette	INFO	Stopped listening on port 22916
[Parent 14420, Gecko_IOThread] WARNING: pipe error: 109: file z:/task_1562361253/build/src/ipc/chromium/src/chrome/common/ipc_channel_win.cc, line 341
[Parent 14420, Gecko_IOThread] WARNING: pipe error: 109: file z:/task_1562361253/build/src/ipc/chromium/src/chrome/common/ipc_channel_win.cc, line 341
1568980384380	mozrunner::runner	INFO	Running command: "D:\\360Downloads\\Mozilla Firefox\\firefox.exe" "-marionette" "--headless" "-foreground" "-no-remote" "-profile" "C:\\Users\\asus\\AppData\\Local\\Temp\\rust_mozprofilefDgPB2"
*** You are running in headless mode.
1568980386694	addons.webextension.screenshots@mozilla.org	WARN	Loading extension 'screenshots@mozilla.org': Reading manifest: Invalid extension permission: mozillaAddons
1568980386694	addons.webextension.screenshots@mozilla.org	WARN	Loading extension 'screenshots@mozilla.org': Reading manifest: Invalid extension permission: telemetry
1568980386694	addons.webextension.screenshots@mozilla.org	WARN	Loading extension 'screenshots@mozilla.org': Reading manifest: Invalid extension permission: resource://pdf.js/
1568980386695	addons.webextension.screenshots@mozilla.org	WARN	Loading extension 'screenshots@mozilla.org': Reading manifest: Invalid extension permission: about:reader*
1568980390205	Marionette	INFO	Listening on port 22976
1568980390635	Marionette	WARN	TLS certificate errors will be ignored for this session
console.error: BroadcastService: 
  receivedBroadcastMessage: handler for
  remote-settings/monitor_changes
  threw error:
  Message: Error: Polling for changes failed: http://%(server)s/dummy/blocklist//buckets/monitor/collections/changes/records?_expected=%221568922885219%22 is not a valid URL..
  Stack:
    remoteSettingsFunction/remoteSettings.pollChanges@resource://services-settings/remote-settings.js:201:13

1568980452401	Marionette	INFO	Stopped listening on port 22976
[Child 10932, Chrome_ChildThread] WARNING: pipe error: 109: file z:/task_1562361253/build/src/ipc/chromium/src/chrome/common/ipc_channel_win.cc, line 341
[Child[Parent 12744, Gecko_IOThread] WARNING: pipe error: 109: file z:/task_1562361253/build/src/ipc/chromium/src/chrome/common/ipc_channel_win.cc, line 341
1568980570587	mozrunner::runner	INFO	Running command: "D:\\360Downloads\\Mozilla Firefox\\firefox.exe" "-marionette" "--headless" "-foreground" "-no-remote" "-profile" "C:\\Users\\asus\\AppData\\Local\\Temp\\rust_mozprofilehmNXcm"
*** You are running in headless mode.
1568980573459	addons.webextension.screenshots@mozilla.org	WARN	Loading extension 'screenshots@mozilla.org': Reading manifest: Invalid extension permission: mozillaAddons
1568980573459	addons.webextension.screenshots@mozilla.org	WARN	Loading extension 'screenshots@mozilla.org': Reading manifest: Invalid extension permission: telemetry
1568980573459	addons.webextension.screenshots@mozilla.org	WARN	Loading extension 'screenshots@mozilla.org': Reading manifest: Invalid extension permission: resource://pdf.js/
1568980573459	addons.webextension.screenshots@mozilla.org	WARN	Loading extension 'screenshots@mozilla.org': Reading manifest: Invalid extension permission: about:reader*
1568980577552	Marionette	INFO	Listening on port 23076
1568980577983	Marionette	WARN	TLS certificate errors will be ignored for this session
console.error: BroadcastService: 
  receivedBroadcastMessage: handler for
  remote-settings/monitor_changes
  threw error:
  Message: Error: Polling for changes failed: http://%(server)s/dummy/blocklist//buckets/monitor/collections/changes/records?_expected=%221568922885219%22 is not a valid URL..
  Stack:
    remoteSettingsFunction/remoteSettings.pollChanges@resource://services-settings/remote-settings.js:201:13

1568980642690	Marionette	INFO	Stopped listening on port 23076
[Parent 3836, Gecko_IOThread] WARNING: pipe error: 109: file z:/task_1562361253/build/src/ipc/chromium/src/chrome/common/ipc_channel_win.cc, line 341
[Parent 3836, Gecko_IOThread] WARNING: pipe error: 109: file z:/task_1562361253/build/src/ipc/chromium/src/chrome/common/ipc_channel_win.cc, line 341
1568980758075	mozrunner::runner	INFO	Running command: "D:\\360Downloads\\Mozilla Firefox\\firefox.exe" "-marionette" "--headless" "-foreground" "-no-remote" "-profile" "C:\\Users\\asus\\AppData\\Local\\Temp\\rust_mozprofile50Fr6l"
*** You are running in headless mode.
1568980760809	addons.webextension.screenshots@mozilla.org	WARN	Loading extension 'screenshots@mozilla.org': Reading manifest: Invalid extension permission: mozillaAddons
1568980760809	addons.webextension.screenshots@mozilla.org	WARN	Loading extension 'screenshots@mozilla.org': Reading manifest: Invalid extension permission: telemetry
1568980760810	addons.webextension.screenshots@mozilla.org	WARN	Loading extension 'screenshots@mozilla.org': Reading manifest: Invalid extension permission: resource://pdf.js/
1568980760810	addons.webextension.screenshots@mozilla.org	WARN	Loading extension 'screenshots@mozilla.org': Reading manifest: Invalid extension permission: about:reader*
1568980764903	Marionette	INFO	Listening on port 23185
1568980765019	Marionette	WARN	TLS certificate errors will be ignored for this session
1568980824440	Marionette	INFO	Stopped listening on port 23185
[Parent 13548, Gecko_IOThread] WARNING: file z:/task_1562361253/build/src/ipc/chromium/src/base/process_util_win.cc, line 160
1568981800309	mozrunner::runner	INFO	Running command: "D:\\360Downloads\\Mozilla Firefox\\firefox.exe" "-marionette" "--headless" "-foreground" "-no-remote" "-profile" "C:\\Users\\asus\\AppData\\Local\\Temp\\rust_mozprofileACRW3N"
*** You are running in headless mode.
1568981802849	addons.webextension.screenshots@mozilla.org	WARN	Loading extension 'screenshots@mozilla.org': Reading manifest: Invalid extension permission: mozillaAddons
1568981802849	addons.webextension.screenshots@mozilla.org	WARN	Loading extension 'screenshots@mozilla.org': Reading manifest: Invalid extension permission: telemetry
1568981802850	addons.webextension.screenshots@mozilla.org	WARN	Loading extension 'screenshots@mozilla.org': Reading manifest: Invalid extension permission: resource://pdf.js/
1568981802850	addons.webextension.screenshots@mozilla.org	WARN	Loading extension 'screenshots@mozilla.org': Reading manifest: Invalid extension permission: about:reader*
1568981806695	Marionette	INFO	Listening on port 23288
1568981806976	Marionette	WARN	TLS certificate errors will be ignored for this session
console.error: BroadcastService: 
  receivedBroadcastMessage: handler for
  remote-settings/monitor_changes
  threw error:
  Message: Error: Polling for changes failed: http://%(server)s/dummy/blocklist//buckets/monitor/collections/changes/records?_expected=%221568922885219%22 is not a valid URL..
  Stack:
    remoteSettingsFunction/remoteSettings.pollChanges@resource://services-settings/remote-settings.js:201:13

1568981917540	Marionette	INFO	Stopped listening on port 23288
[Child 7688, Chrome_ChildThread] WARNING: pipe error: 109: file z:/task_1562361253/build/src/ipc/chromium/src/chrome/common/ipc_channel_win.cc, line 341
[Child 7688, Chrome_ChildThread] WARNING: pipe e1568982328352	mozrunner::runner	INFO	Running command: "D:\\360Downloads\\Mozilla Firefox\\firefox.exe" "-marionette" "--headless" "-foreground" "-no-remote" "-profile" "C:\\Users\\asus\\AppData\\Local\\Temp\\rust_mozprofile9P32pz"
*** You are running in headless mode.
1568982331795	addons.webextension.screenshots@mozilla.org	WARN	Loading extension 'screenshots@mozilla.org': Reading manifest: Invalid extension permission: mozillaAddons
1568982331795	addons.webextension.screenshots@mozilla.org	WARN	Loading extension 'screenshots@mozilla.org': Reading manifest: Invalid extension permission: telemetry
1568982331795	addons.webextension.screenshots@mozilla.org	WARN	Loading extension 'screenshots@mozilla.org': Reading manifest: Invalid extension permission: resource://pdf.js/
1568982331795	addons.webextension.screenshots@mozilla.org	WARN	Loading extension 'screenshots@mozilla.org': Reading manifest: Invalid extension permission: about:reader*
1568982335978	Marionette	INFO	Listening on port 23658
1568982336321	Marionette	WARN	TLS certificate errors will be ignored for this session
console.error: BroadcastService: 
  receivedBroadcastMessage: handler for
  remote-settings/monitor_changes
  threw error:
  Message: Error: Polling for changes failed: http://%(server)s/dummy/blocklist//buckets/monitor/collections/changes/records?_expected=%221568922885219%22 is not a valid URL..
  Stack:
    remoteSettingsFunction/remoteSettings.pollChanges@resource://services-settings/remote-settings.js:201:13

Exiting due to channel error.
Exiting due to channel error.
ozilla.org	WARN	Loading extension 'screenshots@mozilla.org': Reading manifest: Invalid extension permission: telemetry
1568982820356	addons.webextension.screenshots@mozilla.org	WARN	Loading extension 'screenshots@mozilla.org': Reading manifest: Invalid extension permission: resource://pdf.js/
1568982820356	addons.webextension.screenshots@mozilla.org	WARN	Loading extension 'screenshots@mozilla.org': Reading manifest: Invalid extension permission: about:reader*
1568982824568	Marionette	INFO	Listening on port 24125
1568982824744	Marionette	WARN	TLS certificate errors will be ignored for this session
1568983018111	Marionette	INFO	Stopped listening on port 24125
[Parent 5796, Gecko_IOThread] WARNING: pipe error: 109: file z:/task_1562361253/build/src/ipc/chromium/src/chrome/common/ipc_channel_win.cc, line 341
1568983343499	mozrunner::runner	INFO	Running command: "D:\\360Downloads\\Mozilla Firefox\\firefox.exe" "-marionette" "--headless" "-foreground" "-no-remote" "-profile" "C:\\Users\\asus\\AppData\\Local\\Temp\\rust_mozprofilehU1Qz6"
*** You are running in headless mode.
1568983346870	addons.webextension.screenshots@mozilla.org	WARN	Loading extension 'screenshots@mozilla.org': Reading manifest: Invalid extension permission: mozillaAddons
1568983346870	addons.webextension.screenshots@mozilla.org	WARN	Loading extension 'screenshots@mozilla.org': Reading manifest: Invalid extension permission: telemetry
1568983346871	addons.webextension.screenshots@mozilla.org	WARN	Loading extension 'screenshots@mozilla.org': Reading manifest: Invalid extension permission: resource://pdf.js/
1568983346871	addons.webextension.screenshots@mozilla.org	WARN	Loading extension 'screenshots@mozilla.org': Reading manifest: Invalid extension permission: about:reader*
1568983351386	Marionette	INFO	Listening on port 24736
1568983351459	Marionette	WARN	TLS certificate errors will be ignored for this session
JavaScript error: https://ac.gtimg.com/media/js/ac.page.chapter.view_v2.5.0.js, line 3030: TypeError: nowImg.nextSibling is null
JavaScript error: https://ac.gtimg.com/media/js/ac.page.chapter.view_v2.5.0.js, line 3030: TypeError: nowImg.nextSibling is null
1568983777433	Marionette	INFO	Stopped listening on port 24736
[Parent 11008, Gecko_IOThread] WARNING: file z:/task_1562361253/build/src/ipc/chromium/src/base/process_util_win.cc, line 160
[Parent 11008, Gecko_IOThread] WARNING: pipe error: 109: file z:/task_1562361253/build/src/ipc/chromium/src/chrome/common/ipc_channel_win.cc, line 341
